<?xml version="1.0" encoding="UTF-8"?>
<!-- Generated by org.testng.reporters.JUnitReportReporter -->
<testsuite hostname="DESKTOP-86NUGGP" failures="0" tests="1" name="com.test.FlipkartLazyLoadingTest" time="12.592" errors="0" timestamp="2024-03-16T11:10:19 IST" skipped="0">
  <testcase classname="com.test.FlipkartLazyLoadingTest" name="testFlipkartSearch" time="12.592"/>
  <system-out/>
</testsuite> <!-- com.test.FlipkartLazyLoadingTest -->
